 
:: initializing oneAPI environment ...
   slurm_script: BASH_VERSION = 4.4.20(1)-release
   args: Using "$@" for setvars.sh arguments: --force
:: advisor -- latest
:: ccl -- latest
:: clck -- latest
:: compiler -- latest
:: dal -- latest
:: debugger -- latest
:: dev-utilities -- latest
:: dnnl -- latest
:: dpcpp-ct -- latest
:: dpl -- latest
:: inspector -- latest
:: ipp -- latest
:: ippcp -- latest
:: itac -- latest
:: mkl -- latest
:: mpi -- latest
:: tbb -- latest
:: oneAPI environment initialized ::
 
Reading input file...
Input file read.

============================
CONFIGURATION
============================
Tau = 1
Order = 0
Max. tau = 30
Max. order = 10000
Alpha = 1
Polaron WV = [0, 0, 0]
Mu = -1.1

============================
SIMULATION PARAMETERS:
============================
Max. time = 10
Max. steps = 100000000
Steps per cycle = 1
Cycles per check = 100000000
Checkpoint after n sec = 1.79769e+308
Checkpoint after n steps = 18446744073709551615
Warm up time = 0
Warm up steps = 18446744073709551615
Warm up steps per check = 1000000
Warm up checkpoint after n sec = 1.79769e+308
Warmup checkpoint after n steps = 18446744073709551615
Load checkpoint = 0
Sort updates = 1
Skip impossible updates = 0
Per step callback = 0
Per cycle callback = 0
Checkpoint callback = 1
Warm up per step callback = 0
Warm up checkpoint callback = 1

Starting warm up...
Warm up finished: 0 steps done in 4.84e-07 seconds.

Starting simulation...
Simulation finished.

============================
UPDATE STATISTICS:
============================
Update              Weight              Proposed            Impossible          Accepted            Acc. ratio          
----------------------------------------------------------------------------------------------------------------
change_tau          1                   12497261            0                   12497261            1                   
add_vertex          1                   12503188            38                  5807245             0.464461            
remove_vertex       1                   12502446            1678195             5807226             0.464487            
change_vertex_tau   1                   12502880            1788144             10714736            0.856981            
rescale_diagram     1                   12499859            1959743             9162526             0.73301             
change_phonon_wv_   1                   12497645            6947951             5549694             0.444059            
change_phonon_wv_   1                   12496516            6321654             6174862             0.494127            
change_topology     1                   12500205            1678471             7292382             0.583381            

============================
SIMULATION STATISTICS:
============================
Runtime = 32.9746 sec
Total time = 32.9746 sec
Steps done = 100000000
Steps per sec = 3.03264e+06
Total steps = 100000000
Cycles done = 100000000
Warm up runtime = 4.84e-07
Warm up steps done = 0

============================
RESULTS:
============================
Estimated normalization = 6.7680711883053535

============================
DIAGRAM STATS
============================
Avg. order = 17.68102332
Highest order = 124


Extracted energy and quasiparticle weight:
Energy = -1.0190178606221247
Quasiparticle weight = 0.5699291467150813

