 
:: initializing oneAPI environment ...
   slurm_script: BASH_VERSION = 4.4.20(1)-release
   args: Using "$@" for setvars.sh arguments: --force
:: advisor -- latest
:: ccl -- latest
:: clck -- latest
:: compiler -- latest
:: dal -- latest
:: debugger -- latest
:: dev-utilities -- latest
:: dnnl -- latest
:: dpcpp-ct -- latest
:: dpl -- latest
:: inspector -- latest
:: ipp -- latest
:: ippcp -- latest
:: itac -- latest
:: mkl -- latest
:: mpi -- latest
:: tbb -- latest
:: oneAPI environment initialized ::
 
Reading input file...
Input file read.

============================
CONFIGURATION
============================
Tau = 1
Order = 0
Max. tau = 25
Max. order = 10000
Alpha = 7
Polaron WV = [0, 0, 0]
Mu = -8.4

============================
SIMULATION PARAMETERS:
============================
Max. time = 10
Max. steps = 100000000
Steps per cycle = 1
Cycles per check = 100000000
Checkpoint after n sec = 1.79769e+308
Checkpoint after n steps = 18446744073709551615
Warm up time = 0
Warm up steps = 18446744073709551615
Warm up steps per check = 1000000
Warm up checkpoint after n sec = 1.79769e+308
Warmup checkpoint after n steps = 18446744073709551615
Load checkpoint = 0
Sort updates = 1
Skip impossible updates = 0
Per step callback = 0
Per cycle callback = 0
Checkpoint callback = 1
Warm up per step callback = 0
Warm up checkpoint callback = 1

Starting warm up...
Warm up finished: 0 steps done in 4.79e-07 seconds.

Starting simulation...
Simulation finished.

============================
UPDATE STATISTICS:
============================
Update              Weight              Proposed            Impossible          Accepted            Acc. ratio          
----------------------------------------------------------------------------------------------------------------
change_tau          1                   12503219            0                   12503219            1                   
add_vertex          1                   12500242            29                  3529879             0.282385            
remove_vertex       1                   12503858            7088445             3529879             0.282303            
change_vertex_tau   1                   12503311            7126478             5376833             0.430033            
rescale_diagram     1                   12504382            7265839             4348479             0.347756            
change_phonon_wv_   1                   12496344            9571937             2924407             0.234021            
change_phonon_wv_   1                   12493481            9785215             2708266             0.216774            
change_topology     1                   12495163            7087315             4559256             0.364882            

============================
SIMULATION STATISTICS:
============================
Runtime = 24.2966 sec
Total time = 24.2966 sec
Steps done = 100000000
Steps per sec = 4.11581e+06
Total steps = 100000000
Cycles done = 100000000
Warm up runtime = 4.79e-07
Warm up steps done = 0

============================
RESULTS:
============================
Estimated normalization = 0.20999993481602022

============================
DIAGRAM STATS
============================
Avg. order = 16.98300068
Highest order = 566


Extracted energy and quasiparticle weight:
Energy = -8.287188026302628
Quasiparticle weight = 0.0028943915212833143

