 
:: initializing oneAPI environment ...
   slurm_script: BASH_VERSION = 4.4.20(1)-release
   args: Using "$@" for setvars.sh arguments: --force
:: advisor -- latest
:: ccl -- latest
:: clck -- latest
:: compiler -- latest
:: dal -- latest
:: debugger -- latest
:: dev-utilities -- latest
:: dnnl -- latest
:: dpcpp-ct -- latest
:: dpl -- latest
:: inspector -- latest
:: ipp -- latest
:: ippcp -- latest
:: itac -- latest
:: mkl -- latest
:: mpi -- latest
:: tbb -- latest
:: oneAPI environment initialized ::
 
Reading input file...
Input file read.

============================
CONFIGURATION
============================
Tau = 1
Max. tau = 10
Epsilon = 0
Mu = -1
Order = 0
Delta = -1
Max. order = 10000
Sign = 1

============================
SIMULATION PARAMETERS:
============================
Max. time = 10
Max. steps = 18446744073709551615
Steps per cycle = 5
Cycles per check = 1000000
Checkpoint after n sec = 1.79769e+308
Checkpoint after n steps = 18446744073709551615
Warm up time = 0
Warm up steps = 18446744073709551615
Warm up steps per check = 1000000
Warm up checkpoint after n sec = 1.79769e+308
Warmup checkpoint after n steps = 18446744073709551615
Load checkpoint = 0
Sort updates = 1
Skip impossible updates = 0
Per step callback = 0
Per cycle callback = 0
Checkpoint callback = 1
Warm up per step callback = 0
Warm up checkpoint callback = 1

Starting warm up...
Warm up finished: 0 steps done in 4.92e-07 seconds.

Starting simulation...
Simulation finished.

============================
UPDATE STATISTICS:
============================
Update              Weight              Proposed            Impossible          Accepted            Acc. ratio          
----------------------------------------------------------------------------------------------------------------
change_tau          1                   18747683            0                   18747683            1                   
stretch_diagram     1                   18750422            0                   3764140             0.20075             
add_vertex          1                   18752953            0                   11354615            0.605484            
remove_vertex       1                   18748942            1882871             11354615            0.605614            

============================
SIMULATION STATISTICS:
============================
Runtime = 10.4199 sec
Total time = 10.4199 sec
Steps done = 75000000
Steps per sec = 7.19775e+06
Total steps = 75000000
Cycles done = 15000000
Warm up runtime = 4.92e-07
Warm up steps done = 0

============================
RESULTS:
============================
Analytic normalization = -nan
Estimated normalization = 9.95653377479526
Avg. sign = 1
Analytic sign = -nan

============================
DIAGRAM STATS
============================
avg. order = 4.9884286
highest order = 27

