 
:: initializing oneAPI environment ...
   slurm_script: BASH_VERSION = 4.4.20(1)-release
   args: Using "$@" for setvars.sh arguments: --force
:: advisor -- latest
:: ccl -- latest
:: clck -- latest
:: compiler -- latest
:: dal -- latest
:: debugger -- latest
:: dev-utilities -- latest
:: dnnl -- latest
:: dpcpp-ct -- latest
:: dpl -- latest
:: inspector -- latest
:: ipp -- latest
:: ippcp -- latest
:: itac -- latest
:: mkl -- latest
:: mpi -- latest
:: tbb -- latest
:: oneAPI environment initialized ::
 
Reading input file...
Input file read.

============================
CONFIGURATION
============================
Tau = 1
Order = 0
Max. tau = 25
Max. order = 10000
Alpha = 3
Polaron WV = [0, 0, 0]
Mu = -3.2

============================
SIMULATION PARAMETERS:
============================
Max. time = 10
Max. steps = 100000000
Steps per cycle = 1
Cycles per check = 100000000
Checkpoint after n sec = 1.79769e+308
Checkpoint after n steps = 18446744073709551615
Warm up time = 0
Warm up steps = 18446744073709551615
Warm up steps per check = 1000000
Warm up checkpoint after n sec = 1.79769e+308
Warmup checkpoint after n steps = 18446744073709551615
Load checkpoint = 0
Sort updates = 1
Skip impossible updates = 0
Per step callback = 0
Per cycle callback = 0
Checkpoint callback = 1
Warm up per step callback = 0
Warm up checkpoint callback = 1

Starting warm up...
Warm up finished: 0 steps done in 7.32e-07 seconds.

Starting simulation...
Simulation finished.

============================
UPDATE STATISTICS:
============================
Update              Weight              Proposed            Impossible          Accepted            Acc. ratio          
----------------------------------------------------------------------------------------------------------------
change_tau          1                   12499194            0                   12499194            1                   
add_vertex          1                   12503334            40                  6001943             0.480027            
remove_vertex       1                   12498849            1156455             6001864             0.480193            
change_vertex_tau   1                   12503044            1214763             11288281            0.902843            
rescale_diagram     1                   12502307            1506744             10089951            0.807047            
change_phonon_wv_   1                   12499182            6293130             6206052             0.496517            
change_phonon_wv_   1                   12492881            2630349             9862532             0.789452            
change_topology     1                   12501209            1156307             8227700             0.658152            

============================
SIMULATION STATISTICS:
============================
Runtime = 31.2515 sec
Total time = 31.2515 sec
Steps done = 100000000
Steps per sec = 3.19985e+06
Total steps = 100000000
Cycles done = 100000000
Warm up runtime = 7.32e-07
Warm up steps done = 0

============================
RESULTS:
============================
Estimated normalization = 3.3781293098173735

============================
DIAGRAM STATS
============================
Avg. order = 61.97653758
Highest order = 250


Extracted energy and quasiparticle weight:
Energy = -3.1684182708778104
Quasiparticle weight = 0.17457903425396057

